Arguments: 
  /usr/local/Cellar/node/9.4.0/bin/node /usr/local/Cellar/yarn/1.3.2/libexec/bin/yarn.js install

PATH: 
  /usr/local/bin:/usr/bin:/bin:/usr/sbin:/sbin

Yarn version: 
  1.3.2

Node version: 
  9.4.0

Platform: 
  darwin x64

npm manifest: 
  {
    "name": "map-distance-poc",
    "version": "1.0.0",
    "description": "Casasoft AG map distance tool",
    "main": "",
    "directories": {},
    "scripts": {
    },
    "repository": {},
    "author": "Dominic Fath",
    "license": "",
    "homepage": "",
    "dependencies": {
      "casadistance": "git+ssh://git@bitbucket.org/casasoftag/casadistance.git",
    }
  }

yarn manifest: 
  No manifest

Lockfile: 
  No lockfile

Trace: 
  SyntaxError: /Users/jensstalder/Documents/projects/wpengine-docker/global-plugins/casawp/package.json: Unexpected token } in JSON at position 343
      at JSON.parse (<anonymous>)
      at /usr/local/Cellar/yarn/1.3.2/libexec/lib/cli.js:770:59
      at Generator.next (<anonymous>)
      at step (/usr/local/Cellar/yarn/1.3.2/libexec/lib/cli.js:92:30)
      at /usr/local/Cellar/yarn/1.3.2/libexec/lib/cli.js:103:13
      at <anonymous>
